<?xml version="1.0" encoding="UTF-8"?>
<!-- Generated by org.testng.reporters.JUnitReportReporter -->
<testsuite skipped="0" hostname="DESKTOP-I53H9OP" name="com.test.DependsOnMethodsTest" tests="2" failures="0" timestamp="24 May 2018 10:05:16 GMT" time="50.380" errors="0">
  <testcase name="TextBox" time="3.354" classname="com.test.DependsOnMethodsTest"/>
  <testcase name="ChromeLunch" time="47.026" classname="com.test.DependsOnMethodsTest"/>
</testsuite> <!-- com.test.DependsOnMethodsTest -->
