<?xml version="1.0" encoding="UTF-8"?>
<!-- Generated by org.testng.reporters.JUnitReportReporter -->
<testsuite skipped="0" hostname="DESKTOP-I53H9OP" name="com.test.PriorityTest" tests="4" failures="0" timestamp="17 May 2018 12:12:05 GMT" time="74.385" errors="0">
  <testcase name="SearchBox" time="13.893" classname="com.test.PriorityTest"/>
  <testcase name="TittleTest" time="32.234" classname="com.test.PriorityTest"/>
  <testcase name="SearchTest" time="13.157" classname="com.test.PriorityTest"/>
  <testcase name="EditText" time="15.101" classname="com.test.PriorityTest"/>
</testsuite> <!-- com.test.PriorityTest -->
