<?xml version="1.0" encoding="UTF-8"?>
<!-- Generated by org.testng.reporters.JUnitReportReporter -->
<testsuite skipped="0" hostname="DESKTOP-I53H9OP" name="com.test.Priority_Groups" tests="4" failures="0" timestamp="18 May 2018 05:08:49 GMT" time="126.603" errors="0">
  <testcase name="SearchBox" time="17.687" classname="com.test.Priority_Groups"/>
  <testcase name="TittleTest" time="57.821" classname="com.test.Priority_Groups"/>
  <testcase name="SearchTest" time="27.189" classname="com.test.Priority_Groups"/>
  <testcase name="EditText" time="23.906" classname="com.test.Priority_Groups"/>
</testsuite> <!-- com.test.Priority_Groups -->
