<?xml version="1.0" encoding="UTF-8"?>
<!-- Generated by org.testng.reporters.JUnitReportReporter -->
<testsuite skipped="0" hostname="DESKTOP-I53H9OP" name="com.test.DependsOnMethods" tests="5" failures="0" timestamp="18 May 2018 05:40:39 GMT" time="26.753" errors="0">
  <testcase name="ChromeLunch" time="17.795" classname="com.test.DependsOnMethods"/>
  <testcase name="SearchButton" time="7.739" classname="com.test.DependsOnMethods"/>
  <testcase name="TextBox" time="0.288" classname="com.test.DependsOnMethods"/>
  <testcase name="teardown" time="0.889" classname="com.test.DependsOnMethods"/>
  <testcase name="TittleTest" time="0.042" classname="com.test.DependsOnMethods"/>
</testsuite> <!-- com.test.DependsOnMethods -->
