<?xml version="1.0" encoding="UTF-8"?>
<!-- Generated by org.testng.reporters.JUnitReportReporter -->
<testsuite skipped="0" hostname="DESKTOP-I53H9OP" name="com.test.GroupingTest" tests="5" failures="0" timestamp="24 May 2018 10:05:15 GMT" time="113.402" errors="0">
  <testcase name="EditText" time="15.079" classname="com.test.GroupingTest"/>
  <testcase name="SearchTest" time="13.977" classname="com.test.GroupingTest"/>
  <testcase name="SearchBox" time="17.746" classname="com.test.GroupingTest"/>
  <testcase name="TittleTest" time="18.857" classname="com.test.GroupingTest"/>
  <testcase name="Link" time="47.743" classname="com.test.GroupingTest"/>
</testsuite> <!-- com.test.GroupingTest -->
